<?xml version="1.0" encoding="UTF-8"?>
<testng-results skipped="0" failed="0" ignored="0" total="1" passed="1">
  <reporter-output>
  </reporter-output>
  <suite name="Default suite" duration-ms="110" started-at="2022-11-17T11:12:11Z" finished-at="2022-11-17T11:12:12Z">
    <groups>
    </groups>
    <test name="Default test" duration-ms="110" started-at="2022-11-17T11:12:11Z" finished-at="2022-11-17T11:12:12Z">
      <class name="practice_package.PasstheParameterTest">
        <test-method status="PASS" signature="data()[pri:0, instance:practice_package.PasstheParameterTest@475530b9]" name="data" duration-ms="32" started-at="2022-11-17T16:42:12Z" finished-at="2022-11-17T16:42:12Z">
          <reporter-output>
          </reporter-output>
        </test-method> <!-- data -->
      </class> <!-- practice_package.PasstheParameterTest -->
    </test> <!-- Default test -->
  </suite> <!-- Default suite -->
</testng-results>
